Added Component: Designator=C5(C1206)
Added Component: Designator=C6(C1206)
Added Component: Designator=C7(C1206)
Added Component: Designator=C8(C1206)
Added Component: Designator=C9(C1206)
Added Component: Designator=C10(C1206)
Added Component: Designator=C11(C1206)
Added Component: Designator=C14(C1206)
Added Component: Designator=C16(C1206)
Added Component: Designator=C17(C1206)
Added Component: Designator=C18(C1206)
Added Pin To Net: NetName=3.3V Pin=C5-1
Added Pin To Net: NetName=GND Pin=C5-2
Added Pin To Net: NetName=3.3V Pin=C6-1
Added Pin To Net: NetName=GND Pin=C6-2
Added Pin To Net: NetName=3.3V Pin=C7-1
Added Pin To Net: NetName=GND Pin=C7-2
Added Pin To Net: NetName=3.3V Pin=C8-1
Added Pin To Net: NetName=GND Pin=C8-2
Added Pin To Net: NetName=3.3V Pin=C9-1
Added Pin To Net: NetName=GND Pin=C9-2
Added Pin To Net: NetName=3.3V Pin=C10-1
Added Pin To Net: NetName=GND Pin=C10-2
Added Pin To Net: NetName=3.3V Pin=C11-1
Added Pin To Net: NetName=GND Pin=C11-2
Added Pin To Net: NetName=NetC14_1 Pin=C14-1
Added Pin To Net: NetName=GND Pin=C14-2
Added Pin To Net: NetName=3.3V Pin=C16-1
Added Pin To Net: NetName=GND Pin=C16-2
Added Pin To Net: NetName=3.3V Pin=C17-1
Added Pin To Net: NetName=GND Pin=C17-2
Added Pin To Net: NetName=NetB2_1 Pin=C18-1
Added Pin To Net: NetName=GND Pin=C18-2
Added Member To Class: ClassName=stm32 Member=Component C5 0.1 uF C1206
Added Member To Class: ClassName=stm32 Member=Component C6 0.1 uF C1206
Added Member To Class: ClassName=stm32 Member=Component C7 0.1 uF C1206
Added Member To Class: ClassName=stm32 Member=Component C8 0.1 uF C1206
Added Member To Class: ClassName=stm32 Member=Component C9 0.1 uF C1206
Added Member To Class: ClassName=stm32 Member=Component C10 0.1 uF C1206
Added Member To Class: ClassName=stm32 Member=Component C11 0.1 uF C1206
Added Member To Class: ClassName=stm32 Member=Component C14 0.1 uF C1206
Added Member To Class: ClassName=stm32 Member=Component C16 0.1 uF C1206
Added Member To Class: ClassName=stm32 Member=Component C17 0.1 uF C1206
Added Member To Class: ClassName=stm32 Member=Component C18 0.1 uF C1206
